<?xml version="1.0" encoding="UTF-8"?>
<!-- Generated by org.testng.reporters.JUnitXMLReporter -->
<testsuite ignored="0" hostname="Ramis-pc" failures="0" tests="3" name="Login Test" time="39.153" errors="0" timestamp="06 Sep 2018 02:45:55 GMT">
  <testcase classname="HybridFramework.suitea.LoginTest" name="loginTest" time="18.3"/>
  <testcase classname="HybridFramework.suitea.LoginTest" name="loginTest" time="17.306"/>
  <testcase classname="HybridFramework.suitea.LoginTest" name="loginTest" time="0.002">
    <skipped/>
  </testcase> <!-- loginTest -->
</testsuite> <!-- Login Test -->
