<?xml version="1.0" encoding="UTF-8"?>
<!-- Generated by org.testng.reporters.JUnitXMLReporter -->
<testsuite hostname="DESKTOP-Q6U0KE1" name="Login Test" tests="1" failures="0" timestamp="6 May 2019 22:13:38 GMT" time="0.024" errors="0">
  <testcase name="@BeforeTest init" time="0.0" classname="HybridFramework.suitea.LoginTest">
    <failure type="java.io.FileNotFoundException" message="C:\Users\Ramis\Documents\Hybrid\src\test\resources\env.properties (The system cannot find the file specified)">
      <![CDATA[java.io.FileNotFoundException: C:\Users\Ramis\Documents\Hybrid\src\test\resources\env.properties (The system cannot find the file specified)
	at java.io.FileInputStream.open0(Native Method)
	at java.io.FileInputStream.open(Unknown Source)
	at java.io.FileInputStream.<init>(Unknown Source)
	at java.io.FileInputStream.<init>(Unknown Source)
	at HybridFramework.base.BaseTest.init(BaseTest.java:40)
... Removed 22 stack frames]]>
    </failure>
  </testcase> <!-- @BeforeTest init -->
  <testcase name="loginTest" time="0.0" classname="HybridFramework.suitea.LoginTest">
    <skipped/>
  </testcase> <!-- loginTest -->
</testsuite> <!-- Login Test -->
