<?xml version="1.0" encoding="UTF-8"?>
<!-- Generated by org.testng.reporters.JUnitXMLReporter -->
<testsuite hostname="DESKTOP-Q6U0KE1" failures="0" tests="3" name="Login Test" time="0.896" errors="0" timestamp="8 May 2019 00:20:24 GMT">
  <testcase classname="HybridFramework.suites.LoginTest" name="loginTest" time="0.003">
    <skipped/>
  </testcase> <!-- loginTest -->
  <testcase classname="HybridFramework.suites.LoginTest" name="loginTest" time="0.001">
    <skipped/>
  </testcase> <!-- loginTest -->
  <testcase classname="HybridFramework.suites.LoginTest" name="loginTest" time="0.001">
    <skipped/>
  </testcase> <!-- loginTest -->
</testsuite> <!-- Login Test -->
