<?xml version="1.0" encoding="UTF-8"?>
<!-- Generated by org.testng.reporters.JUnitXMLReporter -->
<testsuite hostname="DESKTOP-RDC9TE8" name="SuiteA" tests="3" failures="1" timestamp="7 Feb 2020 04:02:39 GMT" time="75.921" errors="0">
  <testcase name="JobserveTest" time="74.841" classname="com.datafw.suitea.TestA">
    <failure type="java.lang.reflect.InvocationTargetException">
      <![CDATA[java.lang.reflect.InvocationTargetException
	at com.datafw.drivers.DriverScript.executeKeywords(DriverScript.java:41)
	at com.datafw.suitea.TestA.JobserveTest(TestA.java:24)
Caused by: org.openqa.selenium.WebDriverException: newSession
Build info: version: '3.14.0', revision: 'aacccce0', time: '2018-08-02T20:19:58.91Z'
System info: host: 'DESKTOP-RDC9TE8', ip: '192.168.1.12', os.name: 'Windows 10', os.arch: 'amd64', os.version: '10.0', java.version: '1.8.0_231'
Driver info: driver.version: FirefoxDriver
remote stacktrace: WebDriverError@chrome://marionette/content/error.js:175:5
UnknownCommandError@chrome://marionette/content/error.js:471:5
despatch@chrome://marionette/content/server.js:295:13
execute@chrome://marionette/content/server.js:275:16
onPacket/<@chrome://marionette/content/server.js:248:20
onPacket@chrome://marionette/content/server.js:249:9
_onJSONObjectReady/<@chrome://marionette/content/transport.js:501:20

	at org.openqa.selenium.remote.W3CHandshakeResponse.lambda$new$0(W3CHandshakeResponse.java:57)
	at org.openqa.selenium.remote.W3CHandshakeResponse.lambda$getResponseFunction$2(W3CHandshakeResponse.java:104)
	at org.openqa.selenium.remote.ProtocolHandshake.lambda$createSession$0(ProtocolHandshake.java:122)
	at java.util.stream.ReferencePipeline$3$1.accept(Unknown Source)
	at java.util.Spliterators$ArraySpliterator.tryAdvance(Unknown Source)
	at java.util.stream.ReferencePipeline.forEachWithCancel(Unknown Source)
	at java.util.stream.AbstractPipeline.copyIntoWithCancel(Unknown Source)
	at java.util.stream.AbstractPipeline.copyInto(Unknown Source)
	at java.util.stream.AbstractPipeline.wrapAndCopyInto(Unknown Source)
	at java.util.stream.FindOps$FindOp.evaluateSequential(Unknown Source)
	at java.util.stream.AbstractPipeline.evaluate(Unknown Source)
	at java.util.stream.ReferencePipeline.findFirst(Unknown Source)
	at org.openqa.selenium.remote.ProtocolHandshake.createSession(ProtocolHandshake.java:125)
	at org.openqa.selenium.remote.ProtocolHandshake.createSession(ProtocolHandshake.java:73)
	at org.openqa.selenium.remote.HttpCommandExecutor.execute(HttpCommandExecutor.java:136)
	at org.openqa.selenium.remote.service.DriverCommandExecutor.execute(DriverCommandExecutor.java:83)
	at org.openqa.selenium.remote.RemoteWebDriver.execute(RemoteWebDriver.java:548)
	at org.openqa.selenium.remote.RemoteWebDriver.startSession(RemoteWebDriver.java:212)
	at org.openqa.selenium.remote.RemoteWebDriver.<init>(RemoteWebDriver.java:130)
	at org.openqa.selenium.firefox.FirefoxDriver.<init>(FirefoxDriver.java:125)
	at org.openqa.selenium.firefox.FirefoxDriver.<init>(FirefoxDriver.java:103)
	at com.datafw.keywords.GenericKeywords.openBrowser(GenericKeywords.java:55)
	... 30 more
... Removed 32 stack frames]]>
    </failure>
  </testcase> <!-- JobserveTest -->
  <testcase name="JobserveTest" time="0.003" classname="com.datafw.suitea.TestA">
    <skipped/>
  </testcase> <!-- JobserveTest -->
  <testcase name="JobserveTest" time="0.002" classname="com.datafw.suitea.TestA">
    <skipped/>
  </testcase> <!-- JobserveTest -->
</testsuite> <!-- SuiteA -->
