<?xml version="1.0" encoding="UTF-8"?>
<!-- Generated by org.testng.reporters.JUnitXMLReporter -->
<testsuite hostname="DESKTOP-RDC9TE8" name="SuiteB" tests="2" failures="0" timestamp="7 Feb 2020 03:52:36 GMT" time="0.162" errors="0">
  <testcase name="JobserveTest" time="0.002" classname="com.datafw.suiteb.TestB">
    <skipped/>
  </testcase> <!-- JobserveTest -->
  <testcase name="JobserveTest" time="0.002" classname="com.datafw.suiteb.TestB">
    <skipped/>
  </testcase> <!-- JobserveTest -->
</testsuite> <!-- SuiteB -->
